<?xml version="1.0" encoding="UTF-8"?>
<testsuite xmlns:xsi="http://www.w3.org/2001/XMLSchema-instance" xsi:noNamespaceSchemaLocation="https://maven.apache.org/surefire/maven-surefire-plugin/xsd/surefire-test-report-3.0.xsd" version="3.0" name="com.ipp.BigEventApplicationTests" time="2.54" tests="2" errors="0" skipped="0" failures="0">
  <properties>
    <property name="java.specification.version" value="17"/>
    <property name="sun.cpu.isalist" value="amd64"/>
    <property name="sun.jnu.encoding" value="GBK"/>
    <property name="java.class.path" value="D:\Code\Java\web_demo\big-event\target\test-classes;D:\Code\Java\web_demo\big-event\target\classes;D:\apache-maven-3.8.8\mvn_repo\org\springframework\boot\spring-boot-starter-web\3.2.1\spring-boot-starter-web-3.2.1.jar;D:\apache-maven-3.8.8\mvn_repo\org\springframework\boot\spring-boot-starter\3.2.1\spring-boot-starter-3.2.1.jar;D:\apache-maven-3.8.8\mvn_repo\org\springframework\boot\spring-boot\3.2.1\spring-boot-3.2.1.jar;D:\apache-maven-3.8.8\mvn_repo\org\springframework\boot\spring-boot-autoconfigure\3.2.1\spring-boot-autoconfigure-3.2.1.jar;D:\apache-maven-3.8.8\mvn_repo\org\springframework\boot\spring-boot-starter-logging\3.2.1\spring-boot-starter-logging-3.2.1.jar;D:\apache-maven-3.8.8\mvn_repo\ch\qos\logback\logback-classic\1.4.14\logback-classic-1.4.14.jar;D:\apache-maven-3.8.8\mvn_repo\ch\qos\logback\logback-core\1.4.14\logback-core-1.4.14.jar;D:\apache-maven-3.8.8\mvn_repo\org\apache\logging\log4j\log4j-to-slf4j\2.21.1\log4j-to-slf4j-2.21.1.jar;D:\apache-maven-3.8.8\mvn_repo\org\apache\logging\log4j\log4j-api\2.21.1\log4j-api-2.21.1.jar;D:\apache-maven-3.8.8\mvn_repo\org\slf4j\jul-to-slf4j\2.0.9\jul-to-slf4j-2.0.9.jar;D:\apache-maven-3.8.8\mvn_repo\jakarta\annotation\jakarta.annotation-api\2.1.1\jakarta.annotation-api-2.1.1.jar;D:\apache-maven-3.8.8\mvn_repo\org\yaml\snakeyaml\2.2\snakeyaml-2.2.jar;D:\apache-maven-3.8.8\mvn_repo\org\springframework\boot\spring-boot-starter-json\3.2.1\spring-boot-starter-json-3.2.1.jar;D:\apache-maven-3.8.8\mvn_repo\com\fasterxml\jackson\datatype\jackson-datatype-jdk8\2.15.3\jackson-datatype-jdk8-2.15.3.jar;D:\apache-maven-3.8.8\mvn_repo\com\fasterxml\jackson\datatype\jackson-datatype-jsr310\2.15.3\jackson-datatype-jsr310-2.15.3.jar;D:\apache-maven-3.8.8\mvn_repo\com\fasterxml\jackson\module\jackson-module-parameter-names\2.15.3\jackson-module-parameter-names-2.15.3.jar;D:\apache-maven-3.8.8\mvn_repo\org\springframework\boot\spring-boot-starter-tomcat\3.2.1\spring-boot-starter-tomcat-3.2.1.jar;D:\apache-maven-3.8.8\mvn_repo\org\apache\tomcat\embed\tomcat-embed-core\10.1.17\tomcat-embed-core-10.1.17.jar;D:\apache-maven-3.8.8\mvn_repo\org\apache\tomcat\embed\tomcat-embed-websocket\10.1.17\tomcat-embed-websocket-10.1.17.jar;D:\apache-maven-3.8.8\mvn_repo\org\springframework\spring-web\6.1.2\spring-web-6.1.2.jar;D:\apache-maven-3.8.8\mvn_repo\org\springframework\spring-beans\6.1.2\spring-beans-6.1.2.jar;D:\apache-maven-3.8.8\mvn_repo\io\micrometer\micrometer-observation\1.12.1\micrometer-observation-1.12.1.jar;D:\apache-maven-3.8.8\mvn_repo\io\micrometer\micrometer-commons\1.12.1\micrometer-commons-1.12.1.jar;D:\apache-maven-3.8.8\mvn_repo\org\springframework\spring-webmvc\6.1.2\spring-webmvc-6.1.2.jar;D:\apache-maven-3.8.8\mvn_repo\org\springframework\spring-aop\6.1.2\spring-aop-6.1.2.jar;D:\apache-maven-3.8.8\mvn_repo\org\springframework\spring-context\6.1.2\spring-context-6.1.2.jar;D:\apache-maven-3.8.8\mvn_repo\org\springframework\spring-expression\6.1.2\spring-expression-6.1.2.jar;D:\apache-maven-3.8.8\mvn_repo\org\mybatis\spring\boot\mybatis-spring-boot-starter\3.0.3\mybatis-spring-boot-starter-3.0.3.jar;D:\apache-maven-3.8.8\mvn_repo\org\springframework\boot\spring-boot-starter-jdbc\3.2.1\spring-boot-starter-jdbc-3.2.1.jar;D:\apache-maven-3.8.8\mvn_repo\com\zaxxer\HikariCP\5.0.1\HikariCP-5.0.1.jar;D:\apache-maven-3.8.8\mvn_repo\org\springframework\spring-jdbc\6.1.2\spring-jdbc-6.1.2.jar;D:\apache-maven-3.8.8\mvn_repo\org\mybatis\spring\boot\mybatis-spring-boot-autoconfigure\3.0.3\mybatis-spring-boot-autoconfigure-3.0.3.jar;D:\apache-maven-3.8.8\mvn_repo\org\mybatis\mybatis\3.5.14\mybatis-3.5.14.jar;D:\apache-maven-3.8.8\mvn_repo\org\mybatis\mybatis-spring\3.0.3\mybatis-spring-3.0.3.jar;D:\apache-maven-3.8.8\mvn_repo\com\mysql\mysql-connector-j\8.1.0\mysql-connector-j-8.1.0.jar;D:\apache-maven-3.8.8\mvn_repo\org\projectlombok\lombok\1.18.30\lombok-1.18.30.jar;D:\apache-maven-3.8.8\mvn_repo\org\springframework\boot\spring-boot-starter-test\3.2.1\spring-boot-starter-test-3.2.1.jar;D:\apache-maven-3.8.8\mvn_repo\org\springframework\boot\spring-boot-test\3.2.1\spring-boot-test-3.2.1.jar;D:\apache-maven-3.8.8\mvn_repo\org\springframework\boot\spring-boot-test-autoconfigure\3.2.1\spring-boot-test-autoconfigure-3.2.1.jar;D:\apache-maven-3.8.8\mvn_repo\com\jayway\jsonpath\json-path\2.8.0\json-path-2.8.0.jar;D:\apache-maven-3.8.8\mvn_repo\org\slf4j\slf4j-api\2.0.9\slf4j-api-2.0.9.jar;D:\apache-maven-3.8.8\mvn_repo\jakarta\xml\bind\jakarta.xml.bind-api\4.0.1\jakarta.xml.bind-api-4.0.1.jar;D:\apache-maven-3.8.8\mvn_repo\jakarta\activation\jakarta.activation-api\2.1.2\jakarta.activation-api-2.1.2.jar;D:\apache-maven-3.8.8\mvn_repo\net\minidev\json-smart\2.5.0\json-smart-2.5.0.jar;D:\apache-maven-3.8.8\mvn_repo\net\minidev\accessors-smart\2.5.0\accessors-smart-2.5.0.jar;D:\apache-maven-3.8.8\mvn_repo\org\ow2\asm\asm\9.3\asm-9.3.jar;D:\apache-maven-3.8.8\mvn_repo\org\assertj\assertj-core\3.24.2\assertj-core-3.24.2.jar;D:\apache-maven-3.8.8\mvn_repo\net\bytebuddy\byte-buddy\1.14.10\byte-buddy-1.14.10.jar;D:\apache-maven-3.8.8\mvn_repo\org\awaitility\awaitility\4.2.0\awaitility-4.2.0.jar;D:\apache-maven-3.8.8\mvn_repo\org\hamcrest\hamcrest\2.2\hamcrest-2.2.jar;D:\apache-maven-3.8.8\mvn_repo\org\junit\jupiter\junit-jupiter\5.10.1\junit-jupiter-5.10.1.jar;D:\apache-maven-3.8.8\mvn_repo\org\junit\jupiter\junit-jupiter-api\5.10.1\junit-jupiter-api-5.10.1.jar;D:\apache-maven-3.8.8\mvn_repo\org\opentest4j\opentest4j\1.3.0\opentest4j-1.3.0.jar;D:\apache-maven-3.8.8\mvn_repo\org\junit\platform\junit-platform-commons\1.10.1\junit-platform-commons-1.10.1.jar;D:\apache-maven-3.8.8\mvn_repo\org\apiguardian\apiguardian-api\1.1.2\apiguardian-api-1.1.2.jar;D:\apache-maven-3.8.8\mvn_repo\org\junit\jupiter\junit-jupiter-params\5.10.1\junit-jupiter-params-5.10.1.jar;D:\apache-maven-3.8.8\mvn_repo\org\junit\jupiter\junit-jupiter-engine\5.10.1\junit-jupiter-engine-5.10.1.jar;D:\apache-maven-3.8.8\mvn_repo\org\junit\platform\junit-platform-engine\1.10.1\junit-platform-engine-1.10.1.jar;D:\apache-maven-3.8.8\mvn_repo\org\mockito\mockito-core\5.7.0\mockito-core-5.7.0.jar;D:\apache-maven-3.8.8\mvn_repo\net\bytebuddy\byte-buddy-agent\1.14.10\byte-buddy-agent-1.14.10.jar;D:\apache-maven-3.8.8\mvn_repo\org\objenesis\objenesis\3.3\objenesis-3.3.jar;D:\apache-maven-3.8.8\mvn_repo\org\mockito\mockito-junit-jupiter\5.7.0\mockito-junit-jupiter-5.7.0.jar;D:\apache-maven-3.8.8\mvn_repo\org\skyscreamer\jsonassert\1.5.1\jsonassert-1.5.1.jar;D:\apache-maven-3.8.8\mvn_repo\com\vaadin\external\google\android-json\0.0.20131108.vaadin1\android-json-0.0.20131108.vaadin1.jar;D:\apache-maven-3.8.8\mvn_repo\org\springframework\spring-core\6.1.2\spring-core-6.1.2.jar;D:\apache-maven-3.8.8\mvn_repo\org\springframework\spring-jcl\6.1.2\spring-jcl-6.1.2.jar;D:\apache-maven-3.8.8\mvn_repo\org\springframework\spring-test\6.1.2\spring-test-6.1.2.jar;D:\apache-maven-3.8.8\mvn_repo\org\xmlunit\xmlunit-core\2.9.1\xmlunit-core-2.9.1.jar;D:\apache-maven-3.8.8\mvn_repo\org\mybatis\spring\boot\mybatis-spring-boot-starter-test\3.0.3\mybatis-spring-boot-starter-test-3.0.3.jar;D:\apache-maven-3.8.8\mvn_repo\org\mybatis\spring\boot\mybatis-spring-boot-test-autoconfigure\3.0.3\mybatis-spring-boot-test-autoconfigure-3.0.3.jar;D:\apache-maven-3.8.8\mvn_repo\org\springframework\spring-tx\6.1.2\spring-tx-6.1.2.jar;D:\apache-maven-3.8.8\mvn_repo\com\github\pagehelper\pagehelper-spring-boot-starter\1.4.6\pagehelper-spring-boot-starter-1.4.6.jar;D:\apache-maven-3.8.8\mvn_repo\com\github\pagehelper\pagehelper-spring-boot-autoconfigure\1.4.6\pagehelper-spring-boot-autoconfigure-1.4.6.jar;D:\apache-maven-3.8.8\mvn_repo\com\github\pagehelper\pagehelper\5.3.2\pagehelper-5.3.2.jar;D:\apache-maven-3.8.8\mvn_repo\com\github\jsqlparser\jsqlparser\4.5\jsqlparser-4.5.jar;D:\apache-maven-3.8.8\mvn_repo\org\springframework\boot\spring-boot-starter-validation\3.2.1\spring-boot-starter-validation-3.2.1.jar;D:\apache-maven-3.8.8\mvn_repo\org\apache\tomcat\embed\tomcat-embed-el\10.1.17\tomcat-embed-el-10.1.17.jar;D:\apache-maven-3.8.8\mvn_repo\org\hibernate\validator\hibernate-validator\8.0.1.Final\hibernate-validator-8.0.1.Final.jar;D:\apache-maven-3.8.8\mvn_repo\jakarta\validation\jakarta.validation-api\3.0.2\jakarta.validation-api-3.0.2.jar;D:\apache-maven-3.8.8\mvn_repo\org\jboss\logging\jboss-logging\3.5.3.Final\jboss-logging-3.5.3.Final.jar;D:\apache-maven-3.8.8\mvn_repo\com\fasterxml\classmate\1.6.0\classmate-1.6.0.jar;D:\apache-maven-3.8.8\mvn_repo\io\jsonwebtoken\jjwt\0.9.1\jjwt-0.9.1.jar;D:\apache-maven-3.8.8\mvn_repo\com\fasterxml\jackson\core\jackson-databind\2.15.3\jackson-databind-2.15.3.jar;D:\apache-maven-3.8.8\mvn_repo\com\fasterxml\jackson\core\jackson-annotations\2.15.3\jackson-annotations-2.15.3.jar;D:\apache-maven-3.8.8\mvn_repo\com\fasterxml\jackson\core\jackson-core\2.15.3\jackson-core-2.15.3.jar;D:\apache-maven-3.8.8\mvn_repo\javax\xml\bind\jaxb-api\2.3.1\jaxb-api-2.3.1.jar;D:\apache-maven-3.8.8\mvn_repo\javax\activation\javax.activation-api\1.2.0\javax.activation-api-1.2.0.jar;D:\apache-maven-3.8.8\mvn_repo\com\alibaba\fastjson\1.2.76\fastjson-1.2.76.jar;D:\apache-maven-3.8.8\mvn_repo\com\aliyun\oss\aliyun-sdk-oss\3.15.1\aliyun-sdk-oss-3.15.1.jar;D:\apache-maven-3.8.8\mvn_repo\org\apache\httpcomponents\httpclient\4.4.1\httpclient-4.4.1.jar;D:\apache-maven-3.8.8\mvn_repo\org\apache\httpcomponents\httpcore\4.4.16\httpcore-4.4.16.jar;D:\apache-maven-3.8.8\mvn_repo\commons-logging\commons-logging\1.2\commons-logging-1.2.jar;D:\apache-maven-3.8.8\mvn_repo\commons-codec\commons-codec\1.16.0\commons-codec-1.16.0.jar;D:\apache-maven-3.8.8\mvn_repo\org\jdom\jdom2\2.0.6.1\jdom2-2.0.6.1.jar;D:\apache-maven-3.8.8\mvn_repo\org\codehaus\jettison\jettison\1.1\jettison-1.1.jar;D:\apache-maven-3.8.8\mvn_repo\stax\stax-api\1.0.1\stax-api-1.0.1.jar;D:\apache-maven-3.8.8\mvn_repo\com\aliyun\aliyun-java-sdk-core\4.5.10\aliyun-java-sdk-core-4.5.10.jar;D:\apache-maven-3.8.8\mvn_repo\com\google\code\gson\gson\2.10.1\gson-2.10.1.jar;D:\apache-maven-3.8.8\mvn_repo\org\jacoco\org.jacoco.agent\0.8.5\org.jacoco.agent-0.8.5-runtime.jar;D:\apache-maven-3.8.8\mvn_repo\org\ini4j\ini4j\0.5.4\ini4j-0.5.4.jar;D:\apache-maven-3.8.8\mvn_repo\io\opentracing\opentracing-api\0.33.0\opentracing-api-0.33.0.jar;D:\apache-maven-3.8.8\mvn_repo\io\opentracing\opentracing-util\0.33.0\opentracing-util-0.33.0.jar;D:\apache-maven-3.8.8\mvn_repo\io\opentracing\opentracing-noop\0.33.0\opentracing-noop-0.33.0.jar;D:\apache-maven-3.8.8\mvn_repo\com\aliyun\aliyun-java-sdk-ram\3.1.0\aliyun-java-sdk-ram-3.1.0.jar;D:\apache-maven-3.8.8\mvn_repo\com\aliyun\aliyun-java-sdk-kms\2.11.0\aliyun-java-sdk-kms-2.11.0.jar;D:\apache-maven-3.8.8\mvn_repo\javax\activation\activation\1.1.1\activation-1.1.1.jar;D:\apache-maven-3.8.8\mvn_repo\org\glassfish\jaxb\jaxb-runtime\2.3.3\jaxb-runtime-2.3.3.jar;D:\apache-maven-3.8.8\mvn_repo\org\glassfish\jaxb\txw2\4.0.4\txw2-4.0.4.jar;D:\apache-maven-3.8.8\mvn_repo\com\sun\istack\istack-commons-runtime\4.1.2\istack-commons-runtime-4.1.2.jar;D:\apache-maven-3.8.8\mvn_repo\com\sun\activation\jakarta.activation\1.2.2\jakarta.activation-1.2.2.jar;D:\apache-maven-3.8.8\mvn_repo\org\springframework\boot\spring-boot-configuration-processor\3.2.1\spring-boot-configuration-processor-3.2.1.jar;D:\apache-maven-3.8.8\mvn_repo\org\springframework\boot\spring-boot-starter-data-redis\3.2.1\spring-boot-starter-data-redis-3.2.1.jar;D:\apache-maven-3.8.8\mvn_repo\io\lettuce\lettuce-core\6.3.0.RELEASE\lettuce-core-6.3.0.RELEASE.jar;D:\apache-maven-3.8.8\mvn_repo\io\netty\netty-common\4.1.104.Final\netty-common-4.1.104.Final.jar;D:\apache-maven-3.8.8\mvn_repo\io\netty\netty-handler\4.1.104.Final\netty-handler-4.1.104.Final.jar;D:\apache-maven-3.8.8\mvn_repo\io\netty\netty-resolver\4.1.104.Final\netty-resolver-4.1.104.Final.jar;D:\apache-maven-3.8.8\mvn_repo\io\netty\netty-buffer\4.1.104.Final\netty-buffer-4.1.104.Final.jar;D:\apache-maven-3.8.8\mvn_repo\io\netty\netty-transport-native-unix-common\4.1.104.Final\netty-transport-native-unix-common-4.1.104.Final.jar;D:\apache-maven-3.8.8\mvn_repo\io\netty\netty-codec\4.1.104.Final\netty-codec-4.1.104.Final.jar;D:\apache-maven-3.8.8\mvn_repo\io\netty\netty-transport\4.1.104.Final\netty-transport-4.1.104.Final.jar;D:\apache-maven-3.8.8\mvn_repo\io\projectreactor\reactor-core\3.6.1\reactor-core-3.6.1.jar;D:\apache-maven-3.8.8\mvn_repo\org\reactivestreams\reactive-streams\1.0.4\reactive-streams-1.0.4.jar;D:\apache-maven-3.8.8\mvn_repo\org\springframework\data\spring-data-redis\3.2.1\spring-data-redis-3.2.1.jar;D:\apache-maven-3.8.8\mvn_repo\org\springframework\data\spring-data-keyvalue\3.2.1\spring-data-keyvalue-3.2.1.jar;D:\apache-maven-3.8.8\mvn_repo\org\springframework\data\spring-data-commons\3.2.1\spring-data-commons-3.2.1.jar;D:\apache-maven-3.8.8\mvn_repo\org\springframework\spring-oxm\6.1.2\spring-oxm-6.1.2.jar;D:\apache-maven-3.8.8\mvn_repo\org\springframework\spring-context-support\6.1.2\spring-context-support-6.1.2.jar;"/>
    <property name="java.vm.vendor" value="Oracle Corporation"/>
    <property name="sun.arch.data.model" value="64"/>
    <property name="user.variant" value=""/>
    <property name="java.vendor.url" value="https://java.oracle.com/"/>
    <property name="user.timezone" value="Asia/Shanghai"/>
    <property name="org.jboss.logging.provider" value="slf4j"/>
    <property name="os.name" value="Windows 10"/>
    <property name="java.vm.specification.version" value="17"/>
    <property name="sun.java.launcher" value="SUN_STANDARD"/>
    <property name="user.country" value="CN"/>
    <property name="sun.boot.library.path" value="D:\JAVA\JDK_17\bin"/>
    <property name="sun.java.command" value="C:\Users\Ming\AppData\Local\Temp\surefire11614153011921183152\surefirebooter-20240119143238835_3.jar C:\Users\Ming\AppData\Local\Temp\surefire11614153011921183152 2024-01-19T14-32-38_726-jvmRun1 surefire-20240119143238835_1tmp surefire_0-20240119143238835_2tmp"/>
    <property name="jdk.debug" value="release"/>
    <property name="surefire.test.class.path" value="D:\Code\Java\web_demo\big-event\target\test-classes;D:\Code\Java\web_demo\big-event\target\classes;D:\apache-maven-3.8.8\mvn_repo\org\springframework\boot\spring-boot-starter-web\3.2.1\spring-boot-starter-web-3.2.1.jar;D:\apache-maven-3.8.8\mvn_repo\org\springframework\boot\spring-boot-starter\3.2.1\spring-boot-starter-3.2.1.jar;D:\apache-maven-3.8.8\mvn_repo\org\springframework\boot\spring-boot\3.2.1\spring-boot-3.2.1.jar;D:\apache-maven-3.8.8\mvn_repo\org\springframework\boot\spring-boot-autoconfigure\3.2.1\spring-boot-autoconfigure-3.2.1.jar;D:\apache-maven-3.8.8\mvn_repo\org\springframework\boot\spring-boot-starter-logging\3.2.1\spring-boot-starter-logging-3.2.1.jar;D:\apache-maven-3.8.8\mvn_repo\ch\qos\logback\logback-classic\1.4.14\logback-classic-1.4.14.jar;D:\apache-maven-3.8.8\mvn_repo\ch\qos\logback\logback-core\1.4.14\logback-core-1.4.14.jar;D:\apache-maven-3.8.8\mvn_repo\org\apache\logging\log4j\log4j-to-slf4j\2.21.1\log4j-to-slf4j-2.21.1.jar;D:\apache-maven-3.8.8\mvn_repo\org\apache\logging\log4j\log4j-api\2.21.1\log4j-api-2.21.1.jar;D:\apache-maven-3.8.8\mvn_repo\org\slf4j\jul-to-slf4j\2.0.9\jul-to-slf4j-2.0.9.jar;D:\apache-maven-3.8.8\mvn_repo\jakarta\annotation\jakarta.annotation-api\2.1.1\jakarta.annotation-api-2.1.1.jar;D:\apache-maven-3.8.8\mvn_repo\org\yaml\snakeyaml\2.2\snakeyaml-2.2.jar;D:\apache-maven-3.8.8\mvn_repo\org\springframework\boot\spring-boot-starter-json\3.2.1\spring-boot-starter-json-3.2.1.jar;D:\apache-maven-3.8.8\mvn_repo\com\fasterxml\jackson\datatype\jackson-datatype-jdk8\2.15.3\jackson-datatype-jdk8-2.15.3.jar;D:\apache-maven-3.8.8\mvn_repo\com\fasterxml\jackson\datatype\jackson-datatype-jsr310\2.15.3\jackson-datatype-jsr310-2.15.3.jar;D:\apache-maven-3.8.8\mvn_repo\com\fasterxml\jackson\module\jackson-module-parameter-names\2.15.3\jackson-module-parameter-names-2.15.3.jar;D:\apache-maven-3.8.8\mvn_repo\org\springframework\boot\spring-boot-starter-tomcat\3.2.1\spring-boot-starter-tomcat-3.2.1.jar;D:\apache-maven-3.8.8\mvn_repo\org\apache\tomcat\embed\tomcat-embed-core\10.1.17\tomcat-embed-core-10.1.17.jar;D:\apache-maven-3.8.8\mvn_repo\org\apache\tomcat\embed\tomcat-embed-websocket\10.1.17\tomcat-embed-websocket-10.1.17.jar;D:\apache-maven-3.8.8\mvn_repo\org\springframework\spring-web\6.1.2\spring-web-6.1.2.jar;D:\apache-maven-3.8.8\mvn_repo\org\springframework\spring-beans\6.1.2\spring-beans-6.1.2.jar;D:\apache-maven-3.8.8\mvn_repo\io\micrometer\micrometer-observation\1.12.1\micrometer-observation-1.12.1.jar;D:\apache-maven-3.8.8\mvn_repo\io\micrometer\micrometer-commons\1.12.1\micrometer-commons-1.12.1.jar;D:\apache-maven-3.8.8\mvn_repo\org\springframework\spring-webmvc\6.1.2\spring-webmvc-6.1.2.jar;D:\apache-maven-3.8.8\mvn_repo\org\springframework\spring-aop\6.1.2\spring-aop-6.1.2.jar;D:\apache-maven-3.8.8\mvn_repo\org\springframework\spring-context\6.1.2\spring-context-6.1.2.jar;D:\apache-maven-3.8.8\mvn_repo\org\springframework\spring-expression\6.1.2\spring-expression-6.1.2.jar;D:\apache-maven-3.8.8\mvn_repo\org\mybatis\spring\boot\mybatis-spring-boot-starter\3.0.3\mybatis-spring-boot-starter-3.0.3.jar;D:\apache-maven-3.8.8\mvn_repo\org\springframework\boot\spring-boot-starter-jdbc\3.2.1\spring-boot-starter-jdbc-3.2.1.jar;D:\apache-maven-3.8.8\mvn_repo\com\zaxxer\HikariCP\5.0.1\HikariCP-5.0.1.jar;D:\apache-maven-3.8.8\mvn_repo\org\springframework\spring-jdbc\6.1.2\spring-jdbc-6.1.2.jar;D:\apache-maven-3.8.8\mvn_repo\org\mybatis\spring\boot\mybatis-spring-boot-autoconfigure\3.0.3\mybatis-spring-boot-autoconfigure-3.0.3.jar;D:\apache-maven-3.8.8\mvn_repo\org\mybatis\mybatis\3.5.14\mybatis-3.5.14.jar;D:\apache-maven-3.8.8\mvn_repo\org\mybatis\mybatis-spring\3.0.3\mybatis-spring-3.0.3.jar;D:\apache-maven-3.8.8\mvn_repo\com\mysql\mysql-connector-j\8.1.0\mysql-connector-j-8.1.0.jar;D:\apache-maven-3.8.8\mvn_repo\org\projectlombok\lombok\1.18.30\lombok-1.18.30.jar;D:\apache-maven-3.8.8\mvn_repo\org\springframework\boot\spring-boot-starter-test\3.2.1\spring-boot-starter-test-3.2.1.jar;D:\apache-maven-3.8.8\mvn_repo\org\springframework\boot\spring-boot-test\3.2.1\spring-boot-test-3.2.1.jar;D:\apache-maven-3.8.8\mvn_repo\org\springframework\boot\spring-boot-test-autoconfigure\3.2.1\spring-boot-test-autoconfigure-3.2.1.jar;D:\apache-maven-3.8.8\mvn_repo\com\jayway\jsonpath\json-path\2.8.0\json-path-2.8.0.jar;D:\apache-maven-3.8.8\mvn_repo\org\slf4j\slf4j-api\2.0.9\slf4j-api-2.0.9.jar;D:\apache-maven-3.8.8\mvn_repo\jakarta\xml\bind\jakarta.xml.bind-api\4.0.1\jakarta.xml.bind-api-4.0.1.jar;D:\apache-maven-3.8.8\mvn_repo\jakarta\activation\jakarta.activation-api\2.1.2\jakarta.activation-api-2.1.2.jar;D:\apache-maven-3.8.8\mvn_repo\net\minidev\json-smart\2.5.0\json-smart-2.5.0.jar;D:\apache-maven-3.8.8\mvn_repo\net\minidev\accessors-smart\2.5.0\accessors-smart-2.5.0.jar;D:\apache-maven-3.8.8\mvn_repo\org\ow2\asm\asm\9.3\asm-9.3.jar;D:\apache-maven-3.8.8\mvn_repo\org\assertj\assertj-core\3.24.2\assertj-core-3.24.2.jar;D:\apache-maven-3.8.8\mvn_repo\net\bytebuddy\byte-buddy\1.14.10\byte-buddy-1.14.10.jar;D:\apache-maven-3.8.8\mvn_repo\org\awaitility\awaitility\4.2.0\awaitility-4.2.0.jar;D:\apache-maven-3.8.8\mvn_repo\org\hamcrest\hamcrest\2.2\hamcrest-2.2.jar;D:\apache-maven-3.8.8\mvn_repo\org\junit\jupiter\junit-jupiter\5.10.1\junit-jupiter-5.10.1.jar;D:\apache-maven-3.8.8\mvn_repo\org\junit\jupiter\junit-jupiter-api\5.10.1\junit-jupiter-api-5.10.1.jar;D:\apache-maven-3.8.8\mvn_repo\org\opentest4j\opentest4j\1.3.0\opentest4j-1.3.0.jar;D:\apache-maven-3.8.8\mvn_repo\org\junit\platform\junit-platform-commons\1.10.1\junit-platform-commons-1.10.1.jar;D:\apache-maven-3.8.8\mvn_repo\org\apiguardian\apiguardian-api\1.1.2\apiguardian-api-1.1.2.jar;D:\apache-maven-3.8.8\mvn_repo\org\junit\jupiter\junit-jupiter-params\5.10.1\junit-jupiter-params-5.10.1.jar;D:\apache-maven-3.8.8\mvn_repo\org\junit\jupiter\junit-jupiter-engine\5.10.1\junit-jupiter-engine-5.10.1.jar;D:\apache-maven-3.8.8\mvn_repo\org\junit\platform\junit-platform-engine\1.10.1\junit-platform-engine-1.10.1.jar;D:\apache-maven-3.8.8\mvn_repo\org\mockito\mockito-core\5.7.0\mockito-core-5.7.0.jar;D:\apache-maven-3.8.8\mvn_repo\net\bytebuddy\byte-buddy-agent\1.14.10\byte-buddy-agent-1.14.10.jar;D:\apache-maven-3.8.8\mvn_repo\org\objenesis\objenesis\3.3\objenesis-3.3.jar;D:\apache-maven-3.8.8\mvn_repo\org\mockito\mockito-junit-jupiter\5.7.0\mockito-junit-jupiter-5.7.0.jar;D:\apache-maven-3.8.8\mvn_repo\org\skyscreamer\jsonassert\1.5.1\jsonassert-1.5.1.jar;D:\apache-maven-3.8.8\mvn_repo\com\vaadin\external\google\android-json\0.0.20131108.vaadin1\android-json-0.0.20131108.vaadin1.jar;D:\apache-maven-3.8.8\mvn_repo\org\springframework\spring-core\6.1.2\spring-core-6.1.2.jar;D:\apache-maven-3.8.8\mvn_repo\org\springframework\spring-jcl\6.1.2\spring-jcl-6.1.2.jar;D:\apache-maven-3.8.8\mvn_repo\org\springframework\spring-test\6.1.2\spring-test-6.1.2.jar;D:\apache-maven-3.8.8\mvn_repo\org\xmlunit\xmlunit-core\2.9.1\xmlunit-core-2.9.1.jar;D:\apache-maven-3.8.8\mvn_repo\org\mybatis\spring\boot\mybatis-spring-boot-starter-test\3.0.3\mybatis-spring-boot-starter-test-3.0.3.jar;D:\apache-maven-3.8.8\mvn_repo\org\mybatis\spring\boot\mybatis-spring-boot-test-autoconfigure\3.0.3\mybatis-spring-boot-test-autoconfigure-3.0.3.jar;D:\apache-maven-3.8.8\mvn_repo\org\springframework\spring-tx\6.1.2\spring-tx-6.1.2.jar;D:\apache-maven-3.8.8\mvn_repo\com\github\pagehelper\pagehelper-spring-boot-starter\1.4.6\pagehelper-spring-boot-starter-1.4.6.jar;D:\apache-maven-3.8.8\mvn_repo\com\github\pagehelper\pagehelper-spring-boot-autoconfigure\1.4.6\pagehelper-spring-boot-autoconfigure-1.4.6.jar;D:\apache-maven-3.8.8\mvn_repo\com\github\pagehelper\pagehelper\5.3.2\pagehelper-5.3.2.jar;D:\apache-maven-3.8.8\mvn_repo\com\github\jsqlparser\jsqlparser\4.5\jsqlparser-4.5.jar;D:\apache-maven-3.8.8\mvn_repo\org\springframework\boot\spring-boot-starter-validation\3.2.1\spring-boot-starter-validation-3.2.1.jar;D:\apache-maven-3.8.8\mvn_repo\org\apache\tomcat\embed\tomcat-embed-el\10.1.17\tomcat-embed-el-10.1.17.jar;D:\apache-maven-3.8.8\mvn_repo\org\hibernate\validator\hibernate-validator\8.0.1.Final\hibernate-validator-8.0.1.Final.jar;D:\apache-maven-3.8.8\mvn_repo\jakarta\validation\jakarta.validation-api\3.0.2\jakarta.validation-api-3.0.2.jar;D:\apache-maven-3.8.8\mvn_repo\org\jboss\logging\jboss-logging\3.5.3.Final\jboss-logging-3.5.3.Final.jar;D:\apache-maven-3.8.8\mvn_repo\com\fasterxml\classmate\1.6.0\classmate-1.6.0.jar;D:\apache-maven-3.8.8\mvn_repo\io\jsonwebtoken\jjwt\0.9.1\jjwt-0.9.1.jar;D:\apache-maven-3.8.8\mvn_repo\com\fasterxml\jackson\core\jackson-databind\2.15.3\jackson-databind-2.15.3.jar;D:\apache-maven-3.8.8\mvn_repo\com\fasterxml\jackson\core\jackson-annotations\2.15.3\jackson-annotations-2.15.3.jar;D:\apache-maven-3.8.8\mvn_repo\com\fasterxml\jackson\core\jackson-core\2.15.3\jackson-core-2.15.3.jar;D:\apache-maven-3.8.8\mvn_repo\javax\xml\bind\jaxb-api\2.3.1\jaxb-api-2.3.1.jar;D:\apache-maven-3.8.8\mvn_repo\javax\activation\javax.activation-api\1.2.0\javax.activation-api-1.2.0.jar;D:\apache-maven-3.8.8\mvn_repo\com\alibaba\fastjson\1.2.76\fastjson-1.2.76.jar;D:\apache-maven-3.8.8\mvn_repo\com\aliyun\oss\aliyun-sdk-oss\3.15.1\aliyun-sdk-oss-3.15.1.jar;D:\apache-maven-3.8.8\mvn_repo\org\apache\httpcomponents\httpclient\4.4.1\httpclient-4.4.1.jar;D:\apache-maven-3.8.8\mvn_repo\org\apache\httpcomponents\httpcore\4.4.16\httpcore-4.4.16.jar;D:\apache-maven-3.8.8\mvn_repo\commons-logging\commons-logging\1.2\commons-logging-1.2.jar;D:\apache-maven-3.8.8\mvn_repo\commons-codec\commons-codec\1.16.0\commons-codec-1.16.0.jar;D:\apache-maven-3.8.8\mvn_repo\org\jdom\jdom2\2.0.6.1\jdom2-2.0.6.1.jar;D:\apache-maven-3.8.8\mvn_repo\org\codehaus\jettison\jettison\1.1\jettison-1.1.jar;D:\apache-maven-3.8.8\mvn_repo\stax\stax-api\1.0.1\stax-api-1.0.1.jar;D:\apache-maven-3.8.8\mvn_repo\com\aliyun\aliyun-java-sdk-core\4.5.10\aliyun-java-sdk-core-4.5.10.jar;D:\apache-maven-3.8.8\mvn_repo\com\google\code\gson\gson\2.10.1\gson-2.10.1.jar;D:\apache-maven-3.8.8\mvn_repo\org\jacoco\org.jacoco.agent\0.8.5\org.jacoco.agent-0.8.5-runtime.jar;D:\apache-maven-3.8.8\mvn_repo\org\ini4j\ini4j\0.5.4\ini4j-0.5.4.jar;D:\apache-maven-3.8.8\mvn_repo\io\opentracing\opentracing-api\0.33.0\opentracing-api-0.33.0.jar;D:\apache-maven-3.8.8\mvn_repo\io\opentracing\opentracing-util\0.33.0\opentracing-util-0.33.0.jar;D:\apache-maven-3.8.8\mvn_repo\io\opentracing\opentracing-noop\0.33.0\opentracing-noop-0.33.0.jar;D:\apache-maven-3.8.8\mvn_repo\com\aliyun\aliyun-java-sdk-ram\3.1.0\aliyun-java-sdk-ram-3.1.0.jar;D:\apache-maven-3.8.8\mvn_repo\com\aliyun\aliyun-java-sdk-kms\2.11.0\aliyun-java-sdk-kms-2.11.0.jar;D:\apache-maven-3.8.8\mvn_repo\javax\activation\activation\1.1.1\activation-1.1.1.jar;D:\apache-maven-3.8.8\mvn_repo\org\glassfish\jaxb\jaxb-runtime\2.3.3\jaxb-runtime-2.3.3.jar;D:\apache-maven-3.8.8\mvn_repo\org\glassfish\jaxb\txw2\4.0.4\txw2-4.0.4.jar;D:\apache-maven-3.8.8\mvn_repo\com\sun\istack\istack-commons-runtime\4.1.2\istack-commons-runtime-4.1.2.jar;D:\apache-maven-3.8.8\mvn_repo\com\sun\activation\jakarta.activation\1.2.2\jakarta.activation-1.2.2.jar;D:\apache-maven-3.8.8\mvn_repo\org\springframework\boot\spring-boot-configuration-processor\3.2.1\spring-boot-configuration-processor-3.2.1.jar;D:\apache-maven-3.8.8\mvn_repo\org\springframework\boot\spring-boot-starter-data-redis\3.2.1\spring-boot-starter-data-redis-3.2.1.jar;D:\apache-maven-3.8.8\mvn_repo\io\lettuce\lettuce-core\6.3.0.RELEASE\lettuce-core-6.3.0.RELEASE.jar;D:\apache-maven-3.8.8\mvn_repo\io\netty\netty-common\4.1.104.Final\netty-common-4.1.104.Final.jar;D:\apache-maven-3.8.8\mvn_repo\io\netty\netty-handler\4.1.104.Final\netty-handler-4.1.104.Final.jar;D:\apache-maven-3.8.8\mvn_repo\io\netty\netty-resolver\4.1.104.Final\netty-resolver-4.1.104.Final.jar;D:\apache-maven-3.8.8\mvn_repo\io\netty\netty-buffer\4.1.104.Final\netty-buffer-4.1.104.Final.jar;D:\apache-maven-3.8.8\mvn_repo\io\netty\netty-transport-native-unix-common\4.1.104.Final\netty-transport-native-unix-common-4.1.104.Final.jar;D:\apache-maven-3.8.8\mvn_repo\io\netty\netty-codec\4.1.104.Final\netty-codec-4.1.104.Final.jar;D:\apache-maven-3.8.8\mvn_repo\io\netty\netty-transport\4.1.104.Final\netty-transport-4.1.104.Final.jar;D:\apache-maven-3.8.8\mvn_repo\io\projectreactor\reactor-core\3.6.1\reactor-core-3.6.1.jar;D:\apache-maven-3.8.8\mvn_repo\org\reactivestreams\reactive-streams\1.0.4\reactive-streams-1.0.4.jar;D:\apache-maven-3.8.8\mvn_repo\org\springframework\data\spring-data-redis\3.2.1\spring-data-redis-3.2.1.jar;D:\apache-maven-3.8.8\mvn_repo\org\springframework\data\spring-data-keyvalue\3.2.1\spring-data-keyvalue-3.2.1.jar;D:\apache-maven-3.8.8\mvn_repo\org\springframework\data\spring-data-commons\3.2.1\spring-data-commons-3.2.1.jar;D:\apache-maven-3.8.8\mvn_repo\org\springframework\spring-oxm\6.1.2\spring-oxm-6.1.2.jar;D:\apache-maven-3.8.8\mvn_repo\org\springframework\spring-context-support\6.1.2\spring-context-support-6.1.2.jar;"/>
    <property name="sun.cpu.endian" value="little"/>
    <property name="user.home" value="C:\Users\Ming"/>
    <property name="user.language" value="zh"/>
    <property name="java.specification.vendor" value="Oracle Corporation"/>
    <property name="java.version.date" value="2023-10-17"/>
    <property name="java.home" value="D:\JAVA\JDK_17"/>
    <property name="file.separator" value="\"/>
    <property name="basedir" value="D:\Code\Java\web_demo\big-event"/>
    <property name="java.vm.compressedOopsMode" value="Zero based"/>
    <property name="line.separator" value="&#10;"/>
    <property name="java.vm.specification.vendor" value="Oracle Corporation"/>
    <property name="java.specification.name" value="Java Platform API Specification"/>
    <property name="FILE_LOG_CHARSET" value="GBK"/>
    <property name="java.awt.headless" value="true"/>
    <property name="surefire.real.class.path" value="C:\Users\Ming\AppData\Local\Temp\surefire11614153011921183152\surefirebooter-20240119143238835_3.jar"/>
    <property name="user.script" value=""/>
    <property name="sun.management.compiler" value="HotSpot 64-Bit Tiered Compilers"/>
    <property name="java.runtime.version" value="17.0.9+11-LTS-201"/>
    <property name="user.name" value="Ming"/>
    <property name="path.separator" value=";"/>
    <property name="os.version" value="10.0"/>
    <property name="java.runtime.name" value="Java(TM) SE Runtime Environment"/>
    <property name="file.encoding" value="GBK"/>
    <property name="java.vm.name" value="Java HotSpot(TM) 64-Bit Server VM"/>
    <property name="localRepository" value="D:\apache-maven-3.8.8\mvn_repo"/>
    <property name="java.vendor.url.bug" value="https://bugreport.java.com/bugreport/"/>
    <property name="java.io.tmpdir" value="C:\Users\Ming\AppData\Local\Temp\"/>
    <property name="idea.version" value="2023.2.4"/>
    <property name="java.version" value="17.0.9"/>
    <property name="user.dir" value="D:\Code\Java\web_demo\big-event"/>
    <property name="os.arch" value="amd64"/>
    <property name="java.vm.specification.name" value="Java Virtual Machine Specification"/>
    <property name="PID" value="18160"/>
    <property name="sun.os.patch.level" value=""/>
    <property name="CONSOLE_LOG_CHARSET" value="GBK"/>
    <property name="native.encoding" value="GBK"/>
    <property name="java.library.path" value="D:\JAVA\JDK_17\bin;C:\Windows\Sun\Java\bin;C:\Windows\system32;C:\Windows;D:\JAVA\JDK_17\bin;C:\Program Files\Common Files\Oracle\Java\javapath;C:\Windows\system32;C:\Windows;C:\Windows\System32\Wbem;C:\Windows\System32\WindowsPowerShell\v1.0\;C:\Windows\System32\OpenSSH\;C:\Program Files\Git\cmd;D:\Go\bin;C:\Program Files\Git\bin;D:\MinGW\mingw64\bin;D:\nodeJS\;D:\apache-maven-3.8.8\bin;D:\MySQL\MySQL Server 8.0\bin;D:\Python\3.7.6\Scripts\;D:\Python\3.7.6\;C:\Users\Ming\AppData\Local\Microsoft\WindowsApps;;D:\PyCharm 2023.2.2\bin;;D:\IntelliJ IDEA 2023.2.4\bin;;C:\Users\Ming\go\bin;D:\GoLand 2023.2.5\bin;;D:\Microsoft VS Code\bin;C:\Users\Ming\AppData\Roaming\npm;."/>
    <property name="java.vm.info" value="mixed mode, sharing"/>
    <property name="java.vendor" value="Oracle Corporation"/>
    <property name="java.vm.version" value="17.0.9+11-LTS-201"/>
    <property name="sun.io.unicode.encoding" value="UnicodeLittle"/>
    <property name="java.class.version" value="61.0"/>
  </properties>
  <testcase name="testGet" classname="com.ipp.BigEventApplicationTests" time="0.614">
    <system-out><![CDATA[14:32:39.309 [main] INFO org.springframework.test.context.support.AnnotationConfigContextLoaderUtils -- Could not detect default configuration classes for test class [com.ipp.BigEventApplicationTests]: BigEventApplicationTests does not declare any static, non-private, non-final, nested classes annotated with @Configuration.
14:32:39.366 [main] INFO org.springframework.boot.test.context.SpringBootTestContextBootstrapper -- Found @SpringBootConfiguration com.ipp.BigEventApplication for test class com.ipp.BigEventApplicationTests

  .   ____          _            __ _ _
 /\\ / ___'_ __ _ _(_)_ __  __ _ \ \ \ \
( ( )\___ | '_ | '_| | '_ \/ _` | \ \ \ \
 \\/  ___)| |_)| | | | | || (_| |  ) ) ) )
  '  |____| .__|_| |_|_| |_\__, | / / / /
 =========|_|==============|___/=/_/_/_/
 :: Spring Boot ::                (v3.2.1)

2024-01-19T14:32:39.595+08:00  INFO 18160 --- [           main] com.ipp.BigEventApplicationTests         : Starting BigEventApplicationTests using Java 17.0.9 with PID 18160 (started by Ming in D:\Code\Java\web_demo\big-event)
2024-01-19T14:32:39.596+08:00  INFO 18160 --- [           main] com.ipp.BigEventApplicationTests         : No active profile set, falling back to 1 default profile: "default"
2024-01-19T14:32:40.047+08:00  INFO 18160 --- [           main] .s.d.r.c.RepositoryConfigurationDelegate : Multiple Spring Data modules found, entering strict repository configuration mode
2024-01-19T14:32:40.049+08:00  INFO 18160 --- [           main] .s.d.r.c.RepositoryConfigurationDelegate : Bootstrapping Spring Data Redis repositories in DEFAULT mode.
2024-01-19T14:32:40.065+08:00  INFO 18160 --- [           main] .s.d.r.c.RepositoryConfigurationDelegate : Finished Spring Data repository scanning in 4 ms. Found 0 Redis repository interfaces.
Logging initialized using 'class org.apache.ibatis.logging.stdout.StdOutImpl' adapter.


,------.                           ,--.  ,--.         ,--.                         
|  .--. '  ,--,--.  ,---.   ,---.  |  '--'  |  ,---.  |  |  ,---.   ,---.  ,--.--. 
|  '--' | ' ,-.  | | .-. | | .-. : |  .--.  | | .-. : |  | | .-. | | .-. : |  .--' 
|  | --'  \ '-'  | ' '-' ' \   --. |  |  |  | \   --. |  | | '-' ' \   --. |  |    
`--'       `--`--' .`-  /   `----' `--'  `--'  `----' `--' |  |-'   `----' `--'    
                   `---'                                   `--'                        is intercepting.

2024-01-19T14:32:41.126+08:00  INFO 18160 --- [           main] com.ipp.BigEventApplicationTests         : Started BigEventApplicationTests in 1.666 seconds (process running for 2.231)
zhangsan
null
]]></system-out>
  </testcase>
  <testcase name="testSet" classname="com.ipp.BigEventApplicationTests" time="0.006"/>
</testsuite>